INFO:     Started server process [15379]
INFO:     Waiting for application startup.
INFO:     Application startup complete.
INFO:     Uvicorn running on http://127.0.0.1:8000 (Press CTRL+C to quit)
INFO:     127.0.0.1:55758 - "GET /health HTTP/1.1" 200 OK
INFO:     127.0.0.1:55785 - "GET /api/briefing HTTP/1.1" 200 OK
INFO:     127.0.0.1:55786 - "GET /api/briefing HTTP/1.1" 200 OK
$1190VCCL26-N0.NS: possibly delisted; no price data found  (period=5d) (Yahoo error = "No data found, symbol may be delisted")
$1195LFL26.NS: possibly delisted; no price data found  (period=5d) (Yahoo error = "No data found, symbol may be delisted")
HTTP Error 404: {"quoteSummary":{"result":null,"error":{"code":"Not Found","description":"Quote not found for symbol: XAIXD.L"}}}
HTTP Error 404: {"quoteSummary":{"result":null,"error":{"code":"Not Found","description":"Quote not found for symbol: SGBDE31III-GB.NS"}}}
$VIVANTA.NS: possibly delisted; no price data found  (period=5d) (Yahoo error = "No data found, symbol may be delisted")
$XAIXD.L: possibly delisted; no price data found  (period=5d) (Yahoo error = "No data found, symbol may be delisted")
$SGBDE31III-GB.NS: possibly delisted; no price data found  (period=5d) (Yahoo error = "No data found, symbol may be delisted")
$XEOND.L: possibly delisted; no price data found  (period=5d) (Yahoo error = "No data found, symbol may be delisted")
$10NIDO26.NS: possibly delisted; no price data found  (period=5d) (Yahoo error = "No data found, symbol may be delisted")

7 Failed downloads:
['1190VCCL26-N0.NS', '1195LFL26.NS', 'VIVANTA.NS', 'XAIXD.L', 'SGBDE31III-GB.NS', 'XEOND.L', '10NIDO26.NS']: possibly delisted; no price data found  (period=5d) (Yahoo error = "No data found, symbol may be delisted")
$1195LFL26.NS: possibly delisted; no price data found  (period=1y) (Yahoo error = "No data found, symbol may be delisted")
$1190VCCL26-N0.NS: possibly delisted; no price data found  (period=1y) (Yahoo error = "No data found, symbol may be delisted")
$1195LFL26.NS: possibly delisted; no price data found  (period=5d) (Yahoo error = "No data found, symbol may be delisted")
$1190VCCL26-N0.NS: possibly delisted; no price data found  (period=5d) (Yahoo error = "No data found, symbol may be delisted")
$1190VCCL26-N0.NS: possibly delisted; no price data found  (period=5d) (Yahoo error = "No data found, symbol may be delisted")
$1195LFL26.NS: possibly delisted; no price data found  (period=5d) (Yahoo error = "No data found, symbol may be delisted")
$10NIDO26.NS: possibly delisted; no price data found  (period=1y) (Yahoo error = "No data found, symbol may be delisted")
$SGBDE31III-GB.NS: possibly delisted; no price data found  (period=1y) (Yahoo error = "No data found, symbol may be delisted")
$10NIDO26.NS: possibly delisted; no price data found  (period=5d) (Yahoo error = "No data found, symbol may be delisted")
$SGBDE31III-GB.NS: possibly delisted; no price data found  (period=5d) (Yahoo error = "No data found, symbol may be delisted")
$VIVANTA.NS: possibly delisted; no price data found  (period=1y) (Yahoo error = "No data found, symbol may be delisted")
$10NIDO26.NS: possibly delisted; no price data found  (period=5d) (Yahoo error = "No data found, symbol may be delisted")
$VIVANTA.NS: possibly delisted; no price data found  (period=5d) (Yahoo error = "No data found, symbol may be delisted")
$SGBDE31III-GB.NS: possibly delisted; no price data found  (period=5d) (Yahoo error = "No data found, symbol may be delisted")
$XAIXD.L: possibly delisted; no price data found  (period=1y) (Yahoo error = "No data found, symbol may be delisted")
$XEOND.L: possibly delisted; no price data found  (period=1y) (Yahoo error = "No data found, symbol may be delisted")
$XAIXD.L: possibly delisted; no price data found  (period=5d) (Yahoo error = "No data found, symbol may be delisted")
$VIVANTA.NS: possibly delisted; no price data found  (period=5d) (Yahoo error = "No data found, symbol may be delisted")
$XEOND.L: possibly delisted; no price data found  (period=5d) (Yahoo error = "No data found, symbol may be delisted")
$XAIXD.L: possibly delisted; no price data found  (period=5d) (Yahoo error = "No data found, symbol may be delisted")
$XEOND.L: possibly delisted; no price data found  (period=5d) (Yahoo error = "No data found, symbol may be delisted")
INFO:     127.0.0.1:55807 - "GET /api/stock/PAYTM.NS/detail HTTP/1.1" 200 OK
INFO:     127.0.0.1:55808 - "GET /api/stock/RHM.DE/detail HTTP/1.1" 200 OK
$TATAMOTORS.NS: possibly delisted; no price data found  (period=2d) (Yahoo error = "No data found, symbol may be delisted")

1 Failed download:
['TATAMOTORS.NS']: possibly delisted; no price data found  (period=2d) (Yahoo error = "No data found, symbol may be delisted")
$SGBDE31III-GB.NS: possibly delisted; no price data found  (period=5d) (Yahoo error = "No data found, symbol may be delisted")
$1190VCCL26-N0.NS: possibly delisted; no price data found  (period=5d) (Yahoo error = "No data found, symbol may be delisted")
$XAIXD.L: possibly delisted; no price data found  (period=5d) (Yahoo error = "No data found, symbol may be delisted")
$1195LFL26.NS: possibly delisted; no price data found  (period=5d) (Yahoo error = "No data found, symbol may be delisted")
$VIVANTA.NS: possibly delisted; no price data found  (period=5d) (Yahoo error = "No data found, symbol may be delisted")
$10NIDO26.NS: possibly delisted; no price data found  (period=5d) (Yahoo error = "No data found, symbol may be delisted")
$XEOND.L: possibly delisted; no price data found  (period=5d) (Yahoo error = "No data found, symbol may be delisted")

7 Failed downloads:
['SGBDE31III-GB.NS', '1190VCCL26-N0.NS', 'XAIXD.L', '1195LFL26.NS', 'VIVANTA.NS', '10NIDO26.NS', 'XEOND.L']: possibly delisted; no price data found  (period=5d) (Yahoo error = "No data found, symbol may be delisted")
$1COV.DE: possibly delisted; no price data found  (period=2d)
$1190VCCL26-N0.NS: possibly delisted; no price data found  (period=1y) (Yahoo error = "No data found, symbol may be delisted")
$1195LFL26.NS: possibly delisted; no price data found  (period=1y) (Yahoo error = "No data found, symbol may be delisted")

3 Failed downloads:
['1COV.DE']: possibly delisted; no price data found  (period=2d)
['1190VCCL26-N0.NS', '1195LFL26.NS']: possibly delisted; no price data found  (period=1y) (Yahoo error = "No data found, symbol may be delisted")
$1190VCCL26-N0.NS: possibly delisted; no price data found  (period=5d) (Yahoo error = "No data found, symbol may be delisted")
$1195LFL26.NS: possibly delisted; no price data found  (period=5d) (Yahoo error = "No data found, symbol may be delisted")

2 Failed downloads:
['1190VCCL26-N0.NS', '1195LFL26.NS']: possibly delisted; no price data found  (period=5d) (Yahoo error = "No data found, symbol may be delisted")
INFO:     127.0.0.1:55809 - "GET /api/trending HTTP/1.1" 200 OK
$1190VCCL26-N0.NS: possibly delisted; no price data found  (period=5d) (Yahoo error = "No data found, symbol may be delisted")
$1195LFL26.NS: possibly delisted; no price data found  (period=5d) (Yahoo error = "No data found, symbol may be delisted")
$SGBDE31III-GB.NS: possibly delisted; no price data found  (period=1y) (Yahoo error = "No data found, symbol may be delisted")
$10NIDO26.NS: possibly delisted; no price data found  (period=1y) (Yahoo error = "No data found, symbol may be delisted")

4 Failed downloads:
['1190VCCL26-N0.NS', '1195LFL26.NS']: possibly delisted; no price data found  (period=5d) (Yahoo error = "No data found, symbol may be delisted")
['SGBDE31III-GB.NS', '10NIDO26.NS']: possibly delisted; no price data found  (period=1y) (Yahoo error = "No data found, symbol may be delisted")
$TATAMOTORS.NS: possibly delisted; no price data found  (period=6mo) (Yahoo error = "No data found, symbol may be delisted")
$10NIDO26.NS: possibly delisted; no price data found  (period=5d) (Yahoo error = "No data found, symbol may be delisted")
$SGBDE31III-GB.NS: possibly delisted; no price data found  (period=5d) (Yahoo error = "No data found, symbol may be delisted")
$10NIDO26.NS: possibly delisted; no price data found  (period=5d) (Yahoo error = "No data found, symbol may be delisted")
$VIVANTA.NS: possibly delisted; no price data found  (period=1y) (Yahoo error = "No data found, symbol may be delisted")

4 Failed downloads:
['TATAMOTORS.NS']: possibly delisted; no price data found  (period=6mo) (Yahoo error = "No data found, symbol may be delisted")
['10NIDO26.NS', 'SGBDE31III-GB.NS']: possibly delisted; no price data found  (period=5d) (Yahoo error = "No data found, symbol may be delisted")
['VIVANTA.NS']: possibly delisted; no price data found  (period=1y) (Yahoo error = "No data found, symbol may be delisted")
$XEOND.L: possibly delisted; no price data found  (period=1y) (Yahoo error = "No data found, symbol may be delisted")
$SGBDE31III-GB.NS: possibly delisted; no price data found  (period=5d) (Yahoo error = "No data found, symbol may be delisted")
$VIVANTA.NS: possibly delisted; no price data found  (period=5d) (Yahoo error = "No data found, symbol may be delisted")
$XAIXD.L: possibly delisted; no price data found  (period=1y) (Yahoo error = "No data found, symbol may be delisted")
$XEOND.L: possibly delisted; no price data found  (period=5d) (Yahoo error = "No data found, symbol may be delisted")
$XAIXD.L: possibly delisted; no price data found  (period=5d) (Yahoo error = "No data found, symbol may be delisted")
$VIVANTA.NS: possibly delisted; no price data found  (period=5d) (Yahoo error = "No data found, symbol may be delisted")

3 Failed downloads:
['XAIXD.L', 'XEOND.L', 'VIVANTA.NS']: possibly delisted; no price data found  (period=5d) (Yahoo error = "No data found, symbol may be delisted")
INFO:     127.0.0.1:55810 - "GET /api/recommendations HTTP/1.1" 200 OK
$XEOND.L: possibly delisted; no price data found  (period=5d) (Yahoo error = "No data found, symbol may be delisted")

1 Failed download:
['XEOND.L']: possibly delisted; no price data found  (period=5d) (Yahoo error = "No data found, symbol may be delisted")
fetch_signals: yfinance returned empty DataFrame
$XAIXD.L: possibly delisted; no price data found  (period=5d) (Yahoo error = "No data found, symbol may be delisted")
INFO:     127.0.0.1:55919 - "GET /api/stock/PAYTM.NS/detail HTTP/1.1" 200 OK
INFO:     127.0.0.1:55789 - "POST /api/refresh-prices HTTP/1.1" 200 OK
INFO:     127.0.0.1:55926 - "GET /api/stock/RHM.DE/detail HTTP/1.1" 200 OK
$SGBDE31III-GB.NS: possibly delisted; no price data found  (period=5d) (Yahoo error = "No data found, symbol may be delisted")
$1190VCCL26-N0.NS: possibly delisted; no price data found  (period=5d) (Yahoo error = "No data found, symbol may be delisted")
$1195LFL26.NS: possibly delisted; no price data found  (period=5d) (Yahoo error = "No data found, symbol may be delisted")
$XAIXD.L: possibly delisted; no price data found  (period=5d) (Yahoo error = "No data found, symbol may be delisted")
$VIVANTA.NS: possibly delisted; no price data found  (period=5d) (Yahoo error = "No data found, symbol may be delisted")
$XEOND.L: possibly delisted; no price data found  (period=5d) (Yahoo error = "No data found, symbol may be delisted")
$10NIDO26.NS: possibly delisted; no price data found  (period=5d) (Yahoo error = "No data found, symbol may be delisted")

7 Failed downloads:
['SGBDE31III-GB.NS', '1190VCCL26-N0.NS', '1195LFL26.NS', 'XAIXD.L', 'VIVANTA.NS', 'XEOND.L', '10NIDO26.NS']: possibly delisted; no price data found  (period=5d) (Yahoo error = "No data found, symbol may be delisted")
$1195LFL26.NS: possibly delisted; no price data found  (period=1y) (Yahoo error = "No data found, symbol may be delisted")
$1190VCCL26-N0.NS: possibly delisted; no price data found  (period=1y) (Yahoo error = "No data found, symbol may be delisted")

2 Failed downloads:
['1195LFL26.NS', '1190VCCL26-N0.NS']: possibly delisted; no price data found  (period=1y) (Yahoo error = "No data found, symbol may be delisted")
$1195LFL26.NS: possibly delisted; no price data found  (period=5d) (Yahoo error = "No data found, symbol may be delisted")
$TATAMOTORS.NS: possibly delisted; no price data found  (period=2d) (Yahoo error = "No data found, symbol may be delisted")
$1190VCCL26-N0.NS: possibly delisted; no price data found  (period=5d) (Yahoo error = "No data found, symbol may be delisted")
$1COV.DE: possibly delisted; no price data found  (period=2d)
$1190VCCL26-N0.NS: possibly delisted; no price data found  (period=5d) (Yahoo error = "No data found, symbol may be delisted")
$1195LFL26.NS: possibly delisted; no price data found  (period=5d) (Yahoo error = "No data found, symbol may be delisted")

4 Failed downloads:
['1195LFL26.NS', '1190VCCL26-N0.NS']: possibly delisted; no price data found  (period=5d) (Yahoo error = "No data found, symbol may be delisted")
['TATAMOTORS.NS']: possibly delisted; no price data found  (period=2d) (Yahoo error = "No data found, symbol may be delisted")
['1COV.DE']: possibly delisted; no price data found  (period=2d)
$SGBDE31III-GB.NS: possibly delisted; no price data found  (period=1y) (Yahoo error = "No data found, symbol may be delisted")
$10NIDO26.NS: possibly delisted; no price data found  (period=1y) (Yahoo error = "No data found, symbol may be delisted")
$VIVANTA.NS: possibly delisted; no price data found  (period=1y) (Yahoo error = "No data found, symbol may be delisted")
$SGBDE31III-GB.NS: possibly delisted; no price data found  (period=5d) (Yahoo error = "No data found, symbol may be delisted")
$10NIDO26.NS: possibly delisted; no price data found  (period=5d) (Yahoo error = "No data found, symbol may be delisted")

3 Failed downloads:
['SGBDE31III-GB.NS', '10NIDO26.NS']: possibly delisted; no price data found  (period=5d) (Yahoo error = "No data found, symbol may be delisted")
['VIVANTA.NS']: possibly delisted; no price data found  (period=1y) (Yahoo error = "No data found, symbol may be delisted")
INFO:     127.0.0.1:56101 - "GET /api/trending HTTP/1.1" 200 OK
$10NIDO26.NS: possibly delisted; no price data found  (period=5d) (Yahoo error = "No data found, symbol may be delisted")
$VIVANTA.NS: possibly delisted; no price data found  (period=5d) (Yahoo error = "No data found, symbol may be delisted")
$SGBDE31III-GB.NS: possibly delisted; no price data found  (period=5d) (Yahoo error = "No data found, symbol may be delisted")
$XEOND.L: possibly delisted; no price data found  (period=1y) (Yahoo error = "No data found, symbol may be delisted")
$VIVANTA.NS: possibly delisted; no price data found  (period=5d) (Yahoo error = "No data found, symbol may be delisted")
$XAIXD.L: possibly delisted; no price data found  (period=1y) (Yahoo error = "No data found, symbol may be delisted")

5 Failed downloads:
['10NIDO26.NS', 'VIVANTA.NS', 'SGBDE31III-GB.NS']: possibly delisted; no price data found  (period=5d) (Yahoo error = "No data found, symbol may be delisted")
['XEOND.L', 'XAIXD.L']: possibly delisted; no price data found  (period=1y) (Yahoo error = "No data found, symbol may be delisted")
$XEOND.L: possibly delisted; no price data found  (period=5d) (Yahoo error = "No data found, symbol may be delisted")
$XAIXD.L: possibly delisted; no price data found  (period=5d) (Yahoo error = "No data found, symbol may be delisted")
$TATAMOTORS.NS: possibly delisted; no price data found  (period=6mo) (Yahoo error = "No data found, symbol may be delisted")
$XEOND.L: possibly delisted; no price data found  (period=5d) (Yahoo error = "No data found, symbol may be delisted")
$XAIXD.L: possibly delisted; no price data found  (period=5d) (Yahoo error = "No data found, symbol may be delisted")

3 Failed downloads:
['XEOND.L', 'XAIXD.L']: possibly delisted; no price data found  (period=5d) (Yahoo error = "No data found, symbol may be delisted")
['TATAMOTORS.NS']: possibly delisted; no price data found  (period=6mo) (Yahoo error = "No data found, symbol may be delisted")
INFO:     127.0.0.1:56203 - "GET /api/recommendations HTTP/1.1" 200 OK
INFO:     127.0.0.1:55790 - "POST /api/refresh-prices HTTP/1.1" 200 OK
INFO:     127.0.0.1:56220 - "GET /api/briefing HTTP/1.1" 200 OK
INFO:     127.0.0.1:56490 - "GET /api/briefing HTTP/1.1" 200 OK
INFO:     127.0.0.1:56619 - "GET /api/briefing HTTP/1.1" 200 OK
INFO:     127.0.0.1:56620 - "GET /api/briefing HTTP/1.1" 200 OK
synthesise_holding_ondemand failed for PAYTM.NS: Expecting ',' delimiter: line 3 column 3 (char 200)
INFO:     127.0.0.1:56630 - "GET /api/stock/PAYTM.NS/detail HTTP/1.1" 200 OK
$TATAMOTORS.NS: possibly delisted; no price data found  (period=6mo) (Yahoo error = "No data found, symbol may be delisted")

1 Failed download:
['TATAMOTORS.NS']: possibly delisted; no price data found  (period=6mo) (Yahoo error = "No data found, symbol may be delisted")
$1195LFL26.NS: possibly delisted; no price data found  (period=5d) (Yahoo error = "No data found, symbol may be delisted")
$SGBDE31III-GB.NS: possibly delisted; no price data found  (period=5d) (Yahoo error = "No data found, symbol may be delisted")
$XAIXD.L: possibly delisted; no price data found  (period=5d) (Yahoo error = "No data found, symbol may be delisted")
$1190VCCL26-N0.NS: possibly delisted; no price data found  (period=5d) (Yahoo error = "No data found, symbol may be delisted")
$VIVANTA.NS: possibly delisted; no price data found  (period=5d) (Yahoo error = "No data found, symbol may be delisted")
$XEOND.L: possibly delisted; no price data found  (period=5d) (Yahoo error = "No data found, symbol may be delisted")
$10NIDO26.NS: possibly delisted; no price data found  (period=5d) (Yahoo error = "No data found, symbol may be delisted")

7 Failed downloads:
['1195LFL26.NS', 'SGBDE31III-GB.NS', 'XAIXD.L', '1190VCCL26-N0.NS', 'VIVANTA.NS', 'XEOND.L', '10NIDO26.NS']: possibly delisted; no price data found  (period=5d) (Yahoo error = "No data found, symbol may be delisted")
$1190VCCL26-N0.NS: possibly delisted; no price data found  (period=1y) (Yahoo error = "No data found, symbol may be delisted")
$1195LFL26.NS: possibly delisted; no price data found  (period=1y) (Yahoo error = "No data found, symbol may be delisted")

2 Failed downloads:
['1190VCCL26-N0.NS', '1195LFL26.NS']: possibly delisted; no price data found  (period=1y) (Yahoo error = "No data found, symbol may be delisted")
INFO:     127.0.0.1:56631 - "GET /api/recommendations HTTP/1.1" 200 OK
$1195LFL26.NS: possibly delisted; no price data found  (period=5d) (Yahoo error = "No data found, symbol may be delisted")

1 Failed download:
['1195LFL26.NS']: possibly delisted; no price data found  (period=5d) (Yahoo error = "No data found, symbol may be delisted")
fetch_signals: yfinance returned empty DataFrame
$1190VCCL26-N0.NS: possibly delisted; no price data found  (period=5d) (Yahoo error = "No data found, symbol may be delisted")
$1195LFL26.NS: possibly delisted; no price data found  (period=5d) (Yahoo error = "No data found, symbol may be delisted")
$1190VCCL26-N0.NS: possibly delisted; no price data found  (period=5d) (Yahoo error = "No data found, symbol may be delisted")
$SGBDE31III-GB.NS: possibly delisted; no price data found  (period=1y) (Yahoo error = "No data found, symbol may be delisted")
$10NIDO26.NS: possibly delisted; no price data found  (period=1y) (Yahoo error = "No data found, symbol may be delisted")
$SGBDE31III-GB.NS: possibly delisted; no price data found  (period=5d) (Yahoo error = "No data found, symbol may be delisted")
$VIVANTA.NS: possibly delisted; no price data found  (period=1y) (Yahoo error = "No data found, symbol may be delisted")
$10NIDO26.NS: possibly delisted; no price data found  (period=5d) (Yahoo error = "No data found, symbol may be delisted")
synthesise_holding_ondemand failed for RHM.DE: Expecting ',' delimiter: line 3 column 3 (char 150)
INFO:     127.0.0.1:56632 - "GET /api/stock/RHM.DE/detail HTTP/1.1" 200 OK
$SGBDE31III-GB.NS: possibly delisted; no price data found  (period=5d) (Yahoo error = "No data found, symbol may be delisted")
$10NIDO26.NS: possibly delisted; no price data found  (period=5d) (Yahoo error = "No data found, symbol may be delisted")
$VIVANTA.NS: possibly delisted; no price data found  (period=5d) (Yahoo error = "No data found, symbol may be delisted")
$XEOND.L: possibly delisted; no price data found  (period=1y) (Yahoo error = "No data found, symbol may be delisted")
$VIVANTA.NS: possibly delisted; no price data found  (period=5d) (Yahoo error = "No data found, symbol may be delisted")
$XAIXD.L: possibly delisted; no price data found  (period=1y) (Yahoo error = "No data found, symbol may be delisted")

5 Failed downloads:
['SGBDE31III-GB.NS', '10NIDO26.NS', 'VIVANTA.NS']: possibly delisted; no price data found  (period=5d) (Yahoo error = "No data found, symbol may be delisted")
['XEOND.L', 'XAIXD.L']: possibly delisted; no price data found  (period=1y) (Yahoo error = "No data found, symbol may be delisted")
yfinance download failed: dictionary changed size during iteration
$TATAMOTORS.NS: possibly delisted; no price data found  (period=2d) (Yahoo error = "No data found, symbol may be delisted")
$XAIXD.L: possibly delisted; no price data found  (period=5d) (Yahoo error = "No data found, symbol may be delisted")
$XEOND.L: possibly delisted; no price data found  (period=5d) (Yahoo error = "No data found, symbol may be delisted")
$XAIXD.L: possibly delisted; no price data found  (period=5d) (Yahoo error = "No data found, symbol may be delisted")
$XEOND.L: possibly delisted; no price data found  (period=5d) (Yahoo error = "No data found, symbol may be delisted")
$1COV.DE: possibly delisted; no price data found  (period=2d)

4 Failed downloads:
['TATAMOTORS.NS']: possibly delisted; no price data found  (period=2d) (Yahoo error = "No data found, symbol may be delisted")
['XAIXD.L', 'XEOND.L']: possibly delisted; no price data found  (period=5d) (Yahoo error = "No data found, symbol may be delisted")
['1COV.DE']: possibly delisted; no price data found  (period=2d)
INFO:     127.0.0.1:56633 - "GET /api/trending HTTP/1.1" 200 OK
INFO:     127.0.0.1:56651 - "GET /api/stock/PAYTM.NS/detail HTTP/1.1" 200 OK
$TATAMOTORS.NS: possibly delisted; no price data found  (period=6mo) (Yahoo error = "No data found, symbol may be delisted")

1 Failed download:
['TATAMOTORS.NS']: possibly delisted; no price data found  (period=6mo) (Yahoo error = "No data found, symbol may be delisted")
$1190VCCL26-N0.NS: possibly delisted; no price data found  (period=5d) (Yahoo error = "No data found, symbol may be delisted")
$1195LFL26.NS: possibly delisted; no price data found  (period=5d) (Yahoo error = "No data found, symbol may be delisted")
$XAIXD.L: possibly delisted; no price data found  (period=5d) (Yahoo error = "No data found, symbol may be delisted")
$SGBDE31III-GB.NS: possibly delisted; no price data found  (period=5d) (Yahoo error = "No data found, symbol may be delisted")
$VIVANTA.NS: possibly delisted; no price data found  (period=5d) (Yahoo error = "No data found, symbol may be delisted")
$XEOND.L: possibly delisted; no price data found  (period=5d) (Yahoo error = "No data found, symbol may be delisted")
$10NIDO26.NS: possibly delisted; no price data found  (period=5d) (Yahoo error = "No data found, symbol may be delisted")

7 Failed downloads:
['1190VCCL26-N0.NS', '1195LFL26.NS', 'XAIXD.L', 'SGBDE31III-GB.NS', 'VIVANTA.NS', 'XEOND.L', '10NIDO26.NS']: possibly delisted; no price data found  (period=5d) (Yahoo error = "No data found, symbol may be delisted")
$1195LFL26.NS: possibly delisted; no price data found  (period=1y) (Yahoo error = "No data found, symbol may be delisted")
$1190VCCL26-N0.NS: possibly delisted; no price data found  (period=1y) (Yahoo error = "No data found, symbol may be delisted")

2 Failed downloads:
['1195LFL26.NS', '1190VCCL26-N0.NS']: possibly delisted; no price data found  (period=1y) (Yahoo error = "No data found, symbol may be delisted")
$1195LFL26.NS: possibly delisted; no price data found  (period=5d) (Yahoo error = "No data found, symbol may be delisted")
$1190VCCL26-N0.NS: possibly delisted; no price data found  (period=5d) (Yahoo error = "No data found, symbol may be delisted")
$1190VCCL26-N0.NS: possibly delisted; no price data found  (period=5d) (Yahoo error = "No data found, symbol may be delisted")
$1195LFL26.NS: possibly delisted; no price data found  (period=5d) (Yahoo error = "No data found, symbol may be delisted")

2 Failed downloads:
['1195LFL26.NS', '1190VCCL26-N0.NS']: possibly delisted; no price data found  (period=5d) (Yahoo error = "No data found, symbol may be delisted")
INFO:     127.0.0.1:56809 - "GET /api/recommendations HTTP/1.1" 200 OK
$10NIDO26.NS: possibly delisted; no price data found  (period=1y) (Yahoo error = "No data found, symbol may be delisted")
$SGBDE31III-GB.NS: possibly delisted; no price data found  (period=1y) (Yahoo error = "No data found, symbol may be delisted")
$SGBDE31III-GB.NS: possibly delisted; no price data found  (period=5d) (Yahoo error = "No data found, symbol may be delisted")
$10NIDO26.NS: possibly delisted; no price data found  (period=5d) (Yahoo error = "No data found, symbol may be delisted")
$SGBDE31III-GB.NS: possibly delisted; no price data found  (period=5d) (Yahoo error = "No data found, symbol may be delisted")
$VIVANTA.NS: possibly delisted; no price data found  (period=1y) (Yahoo error = "No data found, symbol may be delisted")
$10NIDO26.NS: possibly delisted; no price data found  (period=5d) (Yahoo error = "No data found, symbol may be delisted")
$XEOND.L: possibly delisted; no price data found  (period=1y) (Yahoo error = "No data found, symbol may be delisted")
$VIVANTA.NS: possibly delisted; no price data found  (period=5d) (Yahoo error = "No data found, symbol may be delisted")
$XAIXD.L: possibly delisted; no price data found  (period=1y) (Yahoo error = "No data found, symbol may be delisted")
$XAIXD.L: possibly delisted; no price data found  (period=5d) (Yahoo error = "No data found, symbol may be delisted")
$VIVANTA.NS: possibly delisted; no price data found  (period=5d) (Yahoo error = "No data found, symbol may be delisted")
$XEOND.L: possibly delisted; no price data found  (period=5d) (Yahoo error = "No data found, symbol may be delisted")
$XAIXD.L: possibly delisted; no price data found  (period=5d) (Yahoo error = "No data found, symbol may be delisted")
$XEOND.L: possibly delisted; no price data found  (period=5d) (Yahoo error = "No data found, symbol may be delisted")
